<?xml version="1.0" encoding="UTF-8"?>
<testng-results ignored="0" total="3" passed="3" failed="0" skipped="0">
  <reporter-output>
  </reporter-output>
  <suite started-at="2024-01-24T16:44:30 IST" name="Suite" finished-at="2024-01-24T16:44:48 IST" duration-ms="17900">
    <groups>
    </groups>
    <test started-at="2024-01-24T16:44:30 IST" name="Test" finished-at="2024-01-24T16:44:48 IST" duration-ms="17900">
      <class name="Test.TestClass">
        <test-method is-config="true" signature="launchDriver()[pri:0, instance:Test.TestClass@61862a7f]" started-at="2024-01-24T16:44:30 IST" name="launchDriver" finished-at="2024-01-24T16:44:35 IST" duration-ms="4293" status="PASS">
          <reporter-output>
          </reporter-output>
        </test-method> <!-- launchDriver -->
        <test-method signature="Test1()[pri:0, instance:Test.TestClass@61862a7f]" started-at="2024-01-24T16:44:35 IST" name="Test1" finished-at="2024-01-24T16:44:39 IST" duration-ms="3993" status="PASS">
          <reporter-output>
          </reporter-output>
        </test-method> <!-- Test1 -->
        <test-method is-config="true" signature="launchDriver()[pri:0, instance:Test.TestClass@61862a7f]" started-at="2024-01-24T16:44:39 IST" name="launchDriver" finished-at="2024-01-24T16:44:40 IST" duration-ms="1456" status="PASS">
          <reporter-output>
          </reporter-output>
        </test-method> <!-- launchDriver -->
        <test-method signature="Test2()[pri:0, instance:Test.TestClass@61862a7f]" started-at="2024-01-24T16:44:40 IST" name="Test2" finished-at="2024-01-24T16:44:43 IST" duration-ms="3346" status="PASS">
          <reporter-output>
          </reporter-output>
        </test-method> <!-- Test2 -->
        <test-method is-config="true" signature="launchDriver()[pri:0, instance:Test.TestClass@61862a7f]" started-at="2024-01-24T16:44:43 IST" name="launchDriver" finished-at="2024-01-24T16:44:45 IST" duration-ms="1566" status="PASS">
          <reporter-output>
          </reporter-output>
        </test-method> <!-- launchDriver -->
        <test-method signature="Test3()[pri:0, instance:Test.TestClass@61862a7f]" started-at="2024-01-24T16:44:45 IST" name="Test3" finished-at="2024-01-24T16:44:48 IST" duration-ms="3186" status="PASS">
          <reporter-output>
          </reporter-output>
        </test-method> <!-- Test3 -->
      </class> <!-- Test.TestClass -->
    </test> <!-- Test -->
  </suite> <!-- Suite -->
</testng-results>
