<?xml version="1.0" encoding="UTF-8"?>
<testng-results ignored="0" total="3" passed="3" failed="0" skipped="0">
  <reporter-output>
  </reporter-output>
  <suite started-at="2024-01-23T16:57:29 IST" name="Suite" finished-at="2024-01-23T16:57:47 IST" duration-ms="17861">
    <groups>
    </groups>
    <test started-at="2024-01-23T16:57:29 IST" name="Test" finished-at="2024-01-23T16:57:47 IST" duration-ms="17861">
      <class name="Test.TestClass">
        <test-method is-config="true" signature="launchDriver()[pri:0, instance:Test.TestClass@235834f2]" started-at="2024-01-23T16:57:29 IST" name="launchDriver" finished-at="2024-01-23T16:57:37 IST" duration-ms="7483" status="PASS">
          <reporter-output>
          </reporter-output>
        </test-method> <!-- launchDriver -->
        <test-method signature="Test1()[pri:0, instance:Test.TestClass@235834f2]" started-at="2024-01-23T16:57:37 IST" name="Test1" finished-at="2024-01-23T16:57:39 IST" duration-ms="1642" status="PASS">
          <reporter-output>
          </reporter-output>
        </test-method> <!-- Test1 -->
        <test-method is-config="true" signature="quite()[pri:0, instance:Test.TestClass@235834f2]" started-at="2024-01-23T16:57:39 IST" name="quite" finished-at="2024-01-23T16:57:39 IST" duration-ms="497" status="PASS">
          <reporter-output>
          </reporter-output>
        </test-method> <!-- quite -->
        <test-method is-config="true" signature="launchDriver()[pri:0, instance:Test.TestClass@235834f2]" started-at="2024-01-23T16:57:39 IST" name="launchDriver" finished-at="2024-01-23T16:57:41 IST" duration-ms="1508" status="PASS">
          <reporter-output>
          </reporter-output>
        </test-method> <!-- launchDriver -->
        <test-method signature="Test2()[pri:0, instance:Test.TestClass@235834f2]" started-at="2024-01-23T16:57:41 IST" name="Test2" finished-at="2024-01-23T16:57:42 IST" duration-ms="1655" status="PASS">
          <reporter-output>
          </reporter-output>
        </test-method> <!-- Test2 -->
        <test-method is-config="true" signature="quite()[pri:0, instance:Test.TestClass@235834f2]" started-at="2024-01-23T16:57:42 IST" name="quite" finished-at="2024-01-23T16:57:43 IST" duration-ms="426" status="PASS">
          <reporter-output>
          </reporter-output>
        </test-method> <!-- quite -->
        <test-method is-config="true" signature="launchDriver()[pri:0, instance:Test.TestClass@235834f2]" started-at="2024-01-23T16:57:43 IST" name="launchDriver" finished-at="2024-01-23T16:57:44 IST" duration-ms="1450" status="PASS">
          <reporter-output>
          </reporter-output>
        </test-method> <!-- launchDriver -->
        <test-method signature="Test3()[pri:0, instance:Test.TestClass@235834f2]" started-at="2024-01-23T16:57:44 IST" name="Test3" finished-at="2024-01-23T16:57:47 IST" duration-ms="2702" status="PASS">
          <reporter-output>
          </reporter-output>
        </test-method> <!-- Test3 -->
        <test-method is-config="true" signature="quite()[pri:0, instance:Test.TestClass@235834f2]" started-at="2024-01-23T16:57:47 IST" name="quite" finished-at="2024-01-23T16:57:47 IST" duration-ms="439" status="PASS">
          <reporter-output>
          </reporter-output>
        </test-method> <!-- quite -->
      </class> <!-- Test.TestClass -->
    </test> <!-- Test -->
  </suite> <!-- Suite -->
</testng-results>
